<?xml version="1.0" encoding="UTF-8"?>
<!-- Generated by org.testng.reporters.JUnitReportReporter -->
<testsuite hostname="DESKTOP-K3F3KP5" failures="0" tests="5" name="Runner.leads_runner" time="92.035" errors="0" timestamp="2025-10-27T17:04:27 IST" skipped="0">
  <testcase classname="Runner.leads_runner" name="runScenario" time="16.955"/>
  <testcase classname="Runner.leads_runner" name="runScenario" time="16.486"/>
  <testcase classname="Runner.leads_runner" name="runScenario" time="17.148"/>
  <testcase classname="Runner.leads_runner" name="runScenario" time="21.154"/>
  <testcase classname="Runner.leads_runner" name="runScenario" time="20.292"/>
</testsuite> <!-- Runner.leads_runner -->
