<?xml version="1.0" encoding="UTF-8"?>
<!-- Generated by org.testng.reporters.JUnitReportReporter -->
<testsuite hostname="DESKTOP-K3F3KP5" failures="0" tests="1" name="Runner.testng_runner" time="63.233" errors="0" timestamp="2025-10-26T13:58:04 IST" skipped="0">
  <testcase classname="Runner.testng_runner" name="runScenario" time="63.233"/>
</testsuite> <!-- Runner.testng_runner -->
