<?xml version="1.0" encoding="UTF-8"?>
<!-- Generated by org.testng.reporters.JUnitReportReporter -->
<testsuite hostname="DESKTOP-K3F3KP5" failures="0" tests="1" name="StepDefinition.account_tab_salesforce" time="50.121" errors="0" timestamp="2025-10-26T13:25:37 IST" skipped="0">
  <testcase classname="StepDefinition.account_tab_salesforce" name="account" time="50.121"/>
</testsuite> <!-- StepDefinition.account_tab_salesforce -->
