<?xml version="1.0" encoding="UTF-8"?>
<!-- Generated by org.testng.reporters.JUnitReportReporter -->
<testsuite hostname="DESKTOP-K3F3KP5" failures="0" tests="2" name="testcase.TC001_createlead" time="38.888" errors="0" timestamp="2025-10-31T11:48:36 IST" skipped="0">
  <testcase classname="testcase.TC001_createlead" name="createlead" time="15.041"/>
  <testcase classname="testcase.TC001_createlead" name="createlead" time="23.847"/>
</testsuite> <!-- testcase.TC001_createlead -->
